<?xml version="1.0" encoding="UTF-8"?>
<!-- Generated by org.testng.reporters.JUnitReportReporter -->
<testsuite hostname="LAPTOP-DD8S79MB" failures="0" tests="5" name="seltestngbasic.LoginTestCases" time="3.175" errors="0" timestamp="2021-09-14T15:11:34 IST" skipped="0">
  <testcase classname="seltestngbasic.LoginTestCases" name="login" time="0.337"/>
  <system-out/>
  <testcase classname="seltestngbasic.LoginTestCases" name="login" time="0.346"/>
  <system-out/>
  <testcase classname="seltestngbasic.LoginTestCases" name="login" time="0.368"/>
  <system-out/>
  <testcase classname="seltestngbasic.LoginTestCases" name="login" time="0.495"/>
  <system-out/>
  <testcase classname="seltestngbasic.LoginTestCases" name="login" time="1.629"/>
  <system-out/>
</testsuite> <!-- seltestngbasic.LoginTestCases -->
