<?xml version="1.0" encoding="UTF-8"?>
<!-- Generated by org.testng.reporters.JUnitReportReporter -->
<testsuite hostname="LAPTOP-DD8S79MB" failures="0" tests="5" name="seltestngbasic.SignupTestCases1" time="0.762" errors="0" timestamp="2021-08-25T23:18:29 IST" skipped="0">
  <testcase classname="seltestngbasic.SignupTestCases1" name="verifyHeadingOfLoginPage" time="0.047"/>
  <system-out/>
  <testcase classname="seltestngbasic.SignupTestCases1" name="verifyRegistrationLinkText" time="0.027"/>
  <system-out/>
  <testcase classname="seltestngbasic.SignupTestCases1" name="clickRegistrationLink" time="0.139"/>
  <system-out/>
  <testcase classname="seltestngbasic.SignupTestCases1" name="verifyRegistration" time="0.404"/>
  <system-out/>
  <testcase classname="seltestngbasic.SignupTestCases1" name="clickAlreadyMembershipLink" time="0.145"/>
  <system-out/>
</testsuite> <!-- seltestngbasic.SignupTestCases1 -->
