<?xml version="1.0" encoding="UTF-8"?>
<!-- Generated by org.testng.reporters.JUnitReportReporter -->
<testsuite hostname="LAPTOP-DD8S79MB" failures="0" tests="5" name="seltestngbasic.LoginTestCases" time="2.311" errors="0" timestamp="2021-08-30T13:53:49 IST" skipped="0">
  <testcase classname="seltestngbasic.LoginTestCases" name="login" time="0.192"/>
  <system-out/>
  <testcase classname="seltestngbasic.LoginTestCases" name="login" time="1.457"/>
  <system-out/>
  <testcase classname="seltestngbasic.LoginTestCases" name="login" time="0.186"/>
  <system-out/>
  <testcase classname="seltestngbasic.LoginTestCases" name="login" time="0.204"/>
  <system-out/>
  <testcase classname="seltestngbasic.LoginTestCases" name="login" time="0.272"/>
  <system-out/>
</testsuite> <!-- seltestngbasic.LoginTestCases -->
