<?xml version="1.0" encoding="UTF-8"?>
<!-- Generated by org.testng.reporters.JUnitReportReporter -->
<testsuite hostname="LAPTOP-DD8S79MB" failures="0" tests="17" name="seltestngbasic.AllTestCases" time="2.698" errors="0" timestamp="2021-08-29T15:58:02 IST" skipped="0">
  <testcase classname="seltestngbasic.AllTestCases" name="verifyHeadingOfLoginPage" time="0.046"/>
  <system-out/>
  <testcase classname="seltestngbasic.AllTestCases" name="verifySubHeadingOfLoginPage" time="0.027"/>
  <system-out/>
  <testcase classname="seltestngbasic.AllTestCases" name="verifyRegistrationLinkText" time="0.041"/>
  <system-out/>
  <testcase classname="seltestngbasic.AllTestCases" name="clickRegistrationLink" time="0.121"/>
  <system-out/>
  <testcase classname="seltestngbasic.AllTestCases" name="verifyRegistration" time="0.328"/>
  <system-out/>
  <testcase classname="seltestngbasic.AllTestCases" name="clickAlreadyMembershipLink" time="0.155"/>
  <system-out/>
  <testcase classname="seltestngbasic.AllTestCases" name="verifyEmailPlaceholderValue" time="0.036"/>
  <system-out/>
  <testcase classname="seltestngbasic.AllTestCases" name="verifyPasswordPlaceholderValue" time="0.024"/>
  <system-out/>
  <testcase classname="seltestngbasic.AllTestCases" name="verifyErrorMsgForBlankLoginEmail" time="0.182"/>
  <system-out/>
  <testcase classname="seltestngbasic.AllTestCases" name="verifyErrorMsgForBlankLoginPassword" time="0.199"/>
  <system-out/>
  <testcase classname="seltestngbasic.AllTestCases" name="verifyErrorMsgForInvalidLoginEmail" time="0.181"/>
  <system-out/>
  <testcase classname="seltestngbasic.AllTestCases" name="verifyErrorMsgForInvalidLoginPassword" time="0.174"/>
  <system-out/>
  <testcase classname="seltestngbasic.AllTestCases" name="verifyLogin" time="0.271"/>
  <system-out/>
  <testcase classname="seltestngbasic.AllTestCases" name="addUser" time="0.761"/>
  <system-out/>
  <testcase classname="seltestngbasic.AllTestCases" name="verifyOperatorsLinkText" time="0.097"/>
  <system-out/>
  <testcase classname="seltestngbasic.AllTestCases" name="verifyUsefulLinksText" time="0.030"/>
  <system-out/>
  <testcase classname="seltestngbasic.AllTestCases" name="verifyUsersLinkText" time="0.025"/>
  <system-out/>
</testsuite> <!-- seltestngbasic.AllTestCases -->
