<?xml version="1.0" encoding="UTF-8"?>
<!-- Generated by org.testng.reporters.JUnitReportReporter -->
<testsuite hostname="LAPTOP-DD8S79MB" failures="0" tests="5" name="seltestngbasic.LoginTcs" time="1.124" errors="0" timestamp="2021-08-29T15:26:22 IST" skipped="0">
  <testcase classname="seltestngbasic.LoginTcs" name="login" time="0.188"/>
  <system-out/>
  <testcase classname="seltestngbasic.LoginTcs" name="login" time="0.194"/>
  <system-out/>
  <testcase classname="seltestngbasic.LoginTcs" name="login" time="0.178"/>
  <system-out/>
  <testcase classname="seltestngbasic.LoginTcs" name="login" time="0.269"/>
  <system-out/>
  <testcase classname="seltestngbasic.LoginTcs" name="login" time="0.295"/>
  <system-out/>
</testsuite> <!-- seltestngbasic.LoginTcs -->
